0 info it worked if it ends with ok
1 verbose cli [ 'c:\\Program Files\\nodejs\\node.exe',
1 verbose cli   'c:\\Program Files\\nodejs\\node_modules\\npm\\bin\\npm-cli.js',
1 verbose cli   'run',
1 verbose cli   'test' ]
2 info using npm@1.4.28
3 info using node@v0.10.33
4 verbose run-script [ 'pretest', 'test', 'posttest' ]
5 info pretest react-skitter-transitions@0.1.0
6 info test react-skitter-transitions@0.1.0
7 verbose unsafe-perm in lifecycle true
8 info react-skitter-transitions@0.1.0 Failed to exec test script
9 error react-skitter-transitions@0.1.0 test: `jest`
9 error Exit status 1
10 error Failed at the react-skitter-transitions@0.1.0 test script.
10 error This is most likely a problem with the react-skitter-transitions package,
10 error not with npm itself.
10 error Tell the author that this fails on your system:
10 error     jest
10 error You can get their info via:
10 error     npm owner ls react-skitter-transitions
10 error There is likely additional logging output above.
11 error System Windows_NT 6.2.9200
12 error command "c:\\Program Files\\nodejs\\node.exe" "c:\\Program Files\\nodejs\\node_modules\\npm\\bin\\npm-cli.js" "run" "test"
13 error cwd c:\Users\guill_000\Dropbox\code\react-skitter-transitions
14 error node -v v0.10.33
15 error npm -v 1.4.28
16 error code ELIFECYCLE
17 verbose exit [ 1, true ]
